2025-05-17 16:40:25,076 CRIT Supervisor is running as root.  Privileges were not dropped because no user is specified in the config file.  If you intend to run as root, you can set user=root in the config file to avoid this message.
2025-05-17 16:40:25,078 INFO supervisord started with pid 1
2025-05-17 16:40:26,081 INFO spawned: 'php-fpm' with pid 23
2025-05-17 16:40:26,083 INFO spawned: 'queue-worker' with pid 24
2025-05-17 16:40:26,102 WARN exited: queue-worker (exit status 1; not expected)
2025-05-17 16:40:27,118 INFO success: php-fpm entered RUNNING state, process has stayed up for > than 1 seconds (startsecs)
2025-05-17 16:40:27,119 INFO spawned: 'queue-worker' with pid 27
2025-05-17 16:40:27,140 WARN exited: queue-worker (exit status 1; not expected)
2025-05-17 16:40:29,144 INFO spawned: 'queue-worker' with pid 28
2025-05-17 16:40:29,164 WARN exited: queue-worker (exit status 1; not expected)
2025-05-17 16:40:32,170 INFO spawned: 'queue-worker' with pid 29
2025-05-17 16:40:32,190 WARN exited: queue-worker (exit status 1; not expected)
2025-05-17 16:40:33,192 INFO gave up: queue-worker entered FATAL state, too many start retries too quickly
2025-05-17 16:48:16,336 WARN received SIGQUIT indicating exit request
2025-05-17 16:48:16,336 INFO waiting for php-fpm to die
2025-05-17 16:48:17,345 INFO stopped: php-fpm (exit status 0)
2025-05-17 16:50:25,214 CRIT Supervisor is running as root.  Privileges were not dropped because no user is specified in the config file.  If you intend to run as root, you can set user=root in the config file to avoid this message.
2025-05-17 16:50:25,219 INFO supervisord started with pid 1
2025-05-17 16:50:26,223 INFO spawned: 'php-fpm' with pid 23
2025-05-17 16:50:26,225 INFO spawned: 'queue-worker' with pid 24
2025-05-17 16:50:26,246 WARN exited: queue-worker (exit status 1; not expected)
2025-05-17 16:50:27,253 INFO success: php-fpm entered RUNNING state, process has stayed up for > than 1 seconds (startsecs)
2025-05-17 16:50:27,255 INFO spawned: 'queue-worker' with pid 27
2025-05-17 16:50:27,275 WARN exited: queue-worker (exit status 1; not expected)
2025-05-17 16:50:29,281 INFO spawned: 'queue-worker' with pid 28
2025-05-17 16:50:29,306 WARN exited: queue-worker (exit status 1; not expected)
2025-05-17 16:50:32,312 INFO spawned: 'queue-worker' with pid 29
2025-05-17 16:50:32,332 WARN exited: queue-worker (exit status 1; not expected)
2025-05-17 16:50:33,334 INFO gave up: queue-worker entered FATAL state, too many start retries too quickly
2025-05-17 16:59:30,681 WARN received SIGQUIT indicating exit request
2025-05-17 16:59:30,682 INFO waiting for php-fpm to die
2025-05-17 16:59:31,695 INFO stopped: php-fpm (exit status 0)
2025-05-17 17:00:24,816 CRIT Supervisor is running as root.  Privileges were not dropped because no user is specified in the config file.  If you intend to run as root, you can set user=root in the config file to avoid this message.
2025-05-17 17:00:24,819 INFO supervisord started with pid 1
2025-05-17 17:00:25,821 INFO spawned: 'php-fpm' with pid 23
2025-05-17 17:00:25,822 INFO spawned: 'queue-worker' with pid 24
2025-05-17 17:00:25,839 WARN exited: queue-worker (exit status 1; not expected)
2025-05-17 17:00:26,848 INFO success: php-fpm entered RUNNING state, process has stayed up for > than 1 seconds (startsecs)
2025-05-17 17:00:26,850 INFO spawned: 'queue-worker' with pid 27
2025-05-17 17:00:26,867 WARN exited: queue-worker (exit status 1; not expected)
2025-05-17 17:00:28,871 INFO spawned: 'queue-worker' with pid 28
2025-05-17 17:00:28,893 WARN exited: queue-worker (exit status 1; not expected)
2025-05-17 17:00:31,896 INFO spawned: 'queue-worker' with pid 35
2025-05-17 17:00:31,915 WARN exited: queue-worker (exit status 1; not expected)
2025-05-17 17:00:32,916 INFO gave up: queue-worker entered FATAL state, too many start retries too quickly
2025-05-17 17:01:59,787 CRIT Supervisor is running as root.  Privileges were not dropped because no user is specified in the config file.  If you intend to run as root, you can set user=root in the config file to avoid this message.
2025-05-17 17:01:59,789 INFO supervisord started with pid 39
2025-05-17 17:02:00,792 INFO spawned: 'php-fpm' with pid 40
2025-05-17 17:02:00,795 INFO spawned: 'queue-worker' with pid 41
2025-05-17 17:02:00,813 WARN exited: queue-worker (exit status 1; not expected)
2025-05-17 17:02:00,821 WARN exited: php-fpm (exit status 78; not expected)
2025-05-17 17:02:01,824 INFO spawned: 'php-fpm' with pid 42
2025-05-17 17:02:01,826 INFO spawned: 'queue-worker' with pid 43
2025-05-17 17:02:01,844 WARN exited: queue-worker (exit status 1; not expected)
2025-05-17 17:02:01,849 WARN exited: php-fpm (exit status 78; not expected)
2025-05-17 17:02:03,854 INFO spawned: 'php-fpm' with pid 44
2025-05-17 17:02:03,856 INFO spawned: 'queue-worker' with pid 45
2025-05-17 17:02:03,874 WARN exited: queue-worker (exit status 1; not expected)
2025-05-17 17:02:03,882 WARN exited: php-fpm (exit status 78; not expected)
2025-05-17 17:02:06,887 INFO spawned: 'php-fpm' with pid 46
2025-05-17 17:02:06,889 INFO spawned: 'queue-worker' with pid 47
2025-05-17 17:02:06,906 WARN exited: queue-worker (exit status 1; not expected)
2025-05-17 17:02:06,911 INFO gave up: queue-worker entered FATAL state, too many start retries too quickly
2025-05-17 17:02:06,913 WARN exited: php-fpm (exit status 78; not expected)
2025-05-17 17:02:07,915 INFO gave up: php-fpm entered FATAL state, too many start retries too quickly
2025-05-17 17:02:16,931 WARN received SIGINT indicating exit request
2025-05-17 17:02:31,072 WARN received SIGQUIT indicating exit request
2025-05-17 17:02:31,073 INFO waiting for php-fpm to die
2025-05-17 17:02:32,085 INFO stopped: php-fpm (exit status 0)
2025-05-17 17:09:14,666 CRIT Supervisor is running as root.  Privileges were not dropped because no user is specified in the config file.  If you intend to run as root, you can set user=root in the config file to avoid this message.
2025-05-17 17:09:14,672 CRIT Server 'unix_http_server' running without any HTTP authentication checking
2025-05-17 17:09:14,672 INFO supervisord started with pid 1
2025-05-17 17:09:15,675 INFO spawned: 'php-fpm' with pid 23
2025-05-17 17:09:15,681 INFO spawned: 'queue-worker' with pid 24
2025-05-17 17:09:15,701 WARN exited: queue-worker (exit status 1; not expected)
2025-05-17 17:09:16,708 INFO success: php-fpm entered RUNNING state, process has stayed up for > than 1 seconds (startsecs)
2025-05-17 17:09:16,710 INFO spawned: 'queue-worker' with pid 27
2025-05-17 17:09:16,729 WARN exited: queue-worker (exit status 1; not expected)
2025-05-17 17:09:18,734 INFO spawned: 'queue-worker' with pid 28
2025-05-17 17:09:18,754 WARN exited: queue-worker (exit status 1; not expected)
2025-05-17 17:09:21,757 INFO spawned: 'queue-worker' with pid 36
2025-05-17 17:09:21,777 WARN exited: queue-worker (exit status 1; not expected)
2025-05-17 17:09:22,779 INFO gave up: queue-worker entered FATAL state, too many start retries too quickly
2025-05-17 17:12:13,641 WARN received SIGQUIT indicating exit request
2025-05-17 17:12:13,642 INFO waiting for php-fpm to die
2025-05-17 17:12:14,648 INFO stopped: php-fpm (exit status 0)
2025-05-17 17:15:29,254 CRIT Supervisor is running as root.  Privileges were not dropped because no user is specified in the config file.  If you intend to run as root, you can set user=root in the config file to avoid this message.
2025-05-17 17:15:29,258 INFO supervisord started with pid 1
2025-05-17 17:15:30,262 INFO spawned: 'php-fpm' with pid 23
2025-05-17 17:15:30,264 INFO spawned: 'queue-worker' with pid 24
2025-05-17 17:15:30,285 WARN exited: queue-worker (exit status 1; not expected)
2025-05-17 17:15:31,291 INFO success: php-fpm entered RUNNING state, process has stayed up for > than 1 seconds (startsecs)
2025-05-17 17:15:31,292 INFO spawned: 'queue-worker' with pid 27
2025-05-17 17:15:31,313 WARN exited: queue-worker (exit status 1; not expected)
2025-05-17 17:15:33,318 INFO spawned: 'queue-worker' with pid 28
2025-05-17 17:15:33,336 WARN exited: queue-worker (exit status 1; not expected)
2025-05-17 17:15:36,342 INFO spawned: 'queue-worker' with pid 29
2025-05-17 17:15:36,361 WARN exited: queue-worker (exit status 1; not expected)
2025-05-17 17:15:37,362 INFO gave up: queue-worker entered FATAL state, too many start retries too quickly
2025-05-17 17:17:37,174 WARN received SIGQUIT indicating exit request
2025-05-17 17:17:37,175 INFO waiting for php-fpm to die
2025-05-17 17:17:38,182 INFO stopped: php-fpm (exit status 0)
2025-05-17 17:22:28,129 CRIT Supervisor is running as root.  Privileges were not dropped because no user is specified in the config file.  If you intend to run as root, you can set user=root in the config file to avoid this message.
2025-05-17 17:22:28,132 INFO supervisord started with pid 1
2025-05-17 17:22:29,134 INFO spawned: 'php-fpm' with pid 23
2025-05-17 17:22:29,136 INFO spawned: 'queue-worker' with pid 24
2025-05-17 17:22:29,157 WARN exited: queue-worker (exit status 1; not expected)
2025-05-17 17:22:30,163 INFO success: php-fpm entered RUNNING state, process has stayed up for > than 1 seconds (startsecs)
2025-05-17 17:22:30,165 INFO spawned: 'queue-worker' with pid 27
2025-05-17 17:22:30,183 WARN exited: queue-worker (exit status 1; not expected)
2025-05-17 17:22:32,188 INFO spawned: 'queue-worker' with pid 28
2025-05-17 17:22:32,209 WARN exited: queue-worker (exit status 1; not expected)
2025-05-17 17:22:35,214 INFO spawned: 'queue-worker' with pid 29
2025-05-17 17:22:35,235 WARN exited: queue-worker (exit status 1; not expected)
2025-05-17 17:22:36,236 INFO gave up: queue-worker entered FATAL state, too many start retries too quickly
2025-05-17 17:28:50,085 INFO reaped unknown pid 53 (terminated by SIGKILL)
2025-05-17 17:28:50,085 INFO reaped unknown pid 52 (terminated by SIGKILL)
2025-05-17 17:41:56,132 WARN received SIGQUIT indicating exit request
2025-05-17 17:41:56,133 INFO waiting for php-fpm to die
2025-05-17 17:41:57,145 INFO stopped: php-fpm (exit status 0)
2025-05-17 17:43:02,879 CRIT Supervisor is running as root.  Privileges were not dropped because no user is specified in the config file.  If you intend to run as root, you can set user=root in the config file to avoid this message.
2025-05-17 17:43:02,882 INFO supervisord started with pid 1
2025-05-17 17:43:03,885 INFO spawned: 'php-fpm' with pid 23
2025-05-17 17:43:03,888 INFO spawned: 'queue-worker' with pid 24
2025-05-17 17:43:03,934 WARN exited: queue-worker (exit status 1; not expected)
2025-05-17 17:43:04,941 INFO success: php-fpm entered RUNNING state, process has stayed up for > than 1 seconds (startsecs)
2025-05-17 17:43:04,943 INFO spawned: 'queue-worker' with pid 27
2025-05-17 17:43:04,967 WARN exited: queue-worker (exit status 1; not expected)
2025-05-17 17:43:06,972 INFO spawned: 'queue-worker' with pid 28
2025-05-17 17:43:07,004 WARN exited: queue-worker (exit status 1; not expected)
2025-05-17 17:43:10,012 INFO spawned: 'queue-worker' with pid 29
2025-05-17 17:43:10,058 WARN exited: queue-worker (exit status 1; not expected)
2025-05-17 17:43:11,060 INFO gave up: queue-worker entered FATAL state, too many start retries too quickly
2025-05-17 17:48:14,228 WARN received SIGQUIT indicating exit request
2025-05-17 17:48:14,228 INFO waiting for php-fpm to die
2025-05-17 17:48:15,237 INFO stopped: php-fpm (exit status 0)
2025-05-17 17:52:43,836 CRIT Supervisor is running as root.  Privileges were not dropped because no user is specified in the config file.  If you intend to run as root, you can set user=root in the config file to avoid this message.
2025-05-17 17:52:43,841 INFO supervisord started with pid 1
2025-05-17 17:52:44,844 INFO spawned: 'php-fpm' with pid 23
2025-05-17 17:52:44,846 INFO spawned: 'queue-worker' with pid 24
2025-05-17 17:52:44,888 WARN exited: queue-worker (exit status 1; not expected)
2025-05-17 17:52:45,895 INFO success: php-fpm entered RUNNING state, process has stayed up for > than 1 seconds (startsecs)
2025-05-17 17:52:45,897 INFO spawned: 'queue-worker' with pid 27
2025-05-17 17:52:45,930 WARN exited: queue-worker (exit status 1; not expected)
2025-05-17 17:52:47,935 INFO spawned: 'queue-worker' with pid 34
2025-05-17 17:52:47,960 WARN exited: queue-worker (exit status 1; not expected)
2025-05-17 17:52:50,966 INFO spawned: 'queue-worker' with pid 35
2025-05-17 17:52:51,002 WARN exited: queue-worker (exit status 1; not expected)
2025-05-17 17:52:52,002 INFO gave up: queue-worker entered FATAL state, too many start retries too quickly
2025-05-17 17:53:48,081 INFO reaped unknown pid 39 (terminated by SIGINT)
2025-05-17 17:53:48,081 INFO reaped unknown pid 40 (terminated by SIGINT)
2025-05-17 17:53:48,081 INFO reaped unknown pid 38 (terminated by SIGKILL)
2025-05-17 17:55:17,199 INFO reaped unknown pid 48 (terminated by SIGINT)
2025-05-17 17:55:17,199 INFO reaped unknown pid 49 (terminated by SIGINT)
2025-05-17 17:55:17,199 INFO reaped unknown pid 47 (terminated by SIGKILL)
2025-05-17 17:56:35,306 WARN received SIGQUIT indicating exit request
2025-05-17 17:56:35,306 INFO waiting for php-fpm to die
2025-05-17 17:56:36,316 INFO stopped: php-fpm (exit status 0)
2025-05-17 17:59:35,220 CRIT Supervisor is running as root.  Privileges were not dropped because no user is specified in the config file.  If you intend to run as root, you can set user=root in the config file to avoid this message.
2025-05-17 17:59:35,224 INFO supervisord started with pid 1
2025-05-17 17:59:36,226 INFO spawned: 'php-fpm' with pid 23
2025-05-17 17:59:36,228 INFO spawned: 'queue-worker' with pid 24
2025-05-17 17:59:36,246 WARN exited: queue-worker (exit status 1; not expected)
2025-05-17 17:59:37,259 INFO success: php-fpm entered RUNNING state, process has stayed up for > than 1 seconds (startsecs)
2025-05-17 17:59:37,261 INFO spawned: 'queue-worker' with pid 27
2025-05-17 17:59:37,280 WARN exited: queue-worker (exit status 1; not expected)
2025-05-17 17:59:39,285 INFO spawned: 'queue-worker' with pid 28
2025-05-17 17:59:39,305 WARN exited: queue-worker (exit status 1; not expected)
2025-05-17 17:59:42,312 INFO spawned: 'queue-worker' with pid 29
2025-05-17 17:59:42,333 WARN exited: queue-worker (exit status 1; not expected)
2025-05-17 17:59:43,334 INFO gave up: queue-worker entered FATAL state, too many start retries too quickly
2025-05-17 18:00:08,369 INFO reaped unknown pid 58 (exit status 0)
2025-05-17 18:00:59,442 INFO reaped unknown pid 69 (terminated by SIGINT)
2025-05-17 18:00:59,442 INFO reaped unknown pid 70 (terminated by SIGINT)
2025-05-17 18:00:59,442 INFO reaped unknown pid 68 (terminated by SIGKILL)
2025-05-17 18:01:21,469 WARN received SIGQUIT indicating exit request
2025-05-17 18:01:21,470 INFO waiting for php-fpm to die
2025-05-17 18:01:22,476 INFO stopped: php-fpm (exit status 0)
2025-05-20 12:33:07,510 CRIT Supervisor is running as root.  Privileges were not dropped because no user is specified in the config file.  If you intend to run as root, you can set user=root in the config file to avoid this message.
2025-05-20 12:33:07,514 INFO supervisord started with pid 1
2025-05-20 12:33:08,516 INFO spawned: 'php-fpm' with pid 23
2025-05-20 12:33:08,518 INFO spawned: 'queue-worker' with pid 24
2025-05-20 12:33:08,536 WARN exited: queue-worker (exit status 1; not expected)
2025-05-20 12:33:09,557 INFO success: php-fpm entered RUNNING state, process has stayed up for > than 1 seconds (startsecs)
2025-05-20 12:33:09,559 INFO spawned: 'queue-worker' with pid 27
2025-05-20 12:33:09,577 WARN exited: queue-worker (exit status 1; not expected)
2025-05-20 12:33:11,580 INFO spawned: 'queue-worker' with pid 28
2025-05-20 12:33:11,599 WARN exited: queue-worker (exit status 1; not expected)
2025-05-20 12:33:14,603 INFO spawned: 'queue-worker' with pid 29
2025-05-20 12:33:14,622 WARN exited: queue-worker (exit status 1; not expected)
2025-05-20 12:33:17,043 INFO gave up: queue-worker entered FATAL state, too many start retries too quickly
2025-05-20 12:55:00,578 WARN received SIGQUIT indicating exit request
2025-05-20 12:55:00,579 INFO waiting for php-fpm to die
2025-05-20 12:55:01,603 INFO stopped: php-fpm (exit status 0)
2025-05-22 11:41:33,719 CRIT Supervisor is running as root.  Privileges were not dropped because no user is specified in the config file.  If you intend to run as root, you can set user=root in the config file to avoid this message.
2025-05-22 11:41:33,725 INFO supervisord started with pid 1
2025-05-22 11:41:34,727 INFO spawned: 'php-fpm' with pid 23
2025-05-22 11:41:34,729 INFO spawned: 'queue-worker' with pid 24
2025-05-22 11:41:34,748 WARN exited: queue-worker (exit status 1; not expected)
2025-05-22 11:41:35,836 INFO success: php-fpm entered RUNNING state, process has stayed up for > than 1 seconds (startsecs)
2025-05-22 11:41:35,838 INFO spawned: 'queue-worker' with pid 27
2025-05-22 11:41:35,858 WARN exited: queue-worker (exit status 1; not expected)
2025-05-22 11:41:39,311 INFO spawned: 'queue-worker' with pid 28
2025-05-22 11:41:39,330 WARN exited: queue-worker (exit status 1; not expected)
2025-05-22 11:41:42,334 INFO spawned: 'queue-worker' with pid 29
2025-05-22 11:41:42,356 WARN exited: queue-worker (exit status 1; not expected)
2025-05-22 11:41:43,357 INFO gave up: queue-worker entered FATAL state, too many start retries too quickly
2025-05-22 13:19:42,522 WARN received SIGQUIT indicating exit request
2025-05-22 13:19:42,522 INFO waiting for php-fpm to die
2025-05-22 13:19:43,541 INFO stopped: php-fpm (exit status 0)
2025-05-22 13:26:54,904 CRIT Supervisor is running as root.  Privileges were not dropped because no user is specified in the config file.  If you intend to run as root, you can set user=root in the config file to avoid this message.
2025-05-22 13:26:54,913 INFO supervisord started with pid 1
2025-05-22 13:26:55,915 INFO spawned: 'php-fpm' with pid 23
2025-05-22 13:26:55,916 INFO spawned: 'queue-worker' with pid 24
2025-05-22 13:26:55,935 WARN exited: queue-worker (exit status 1; not expected)
2025-05-22 13:26:56,987 INFO success: php-fpm entered RUNNING state, process has stayed up for > than 1 seconds (startsecs)
2025-05-22 13:26:56,988 INFO spawned: 'queue-worker' with pid 27
2025-05-22 13:26:57,008 WARN exited: queue-worker (exit status 1; not expected)
2025-05-22 13:26:59,010 INFO spawned: 'queue-worker' with pid 28
2025-05-22 13:26:59,029 WARN exited: queue-worker (exit status 1; not expected)
2025-05-22 13:27:02,033 INFO spawned: 'queue-worker' with pid 29
2025-05-22 13:27:02,052 WARN exited: queue-worker (exit status 1; not expected)
2025-05-22 13:27:03,053 INFO gave up: queue-worker entered FATAL state, too many start retries too quickly
2025-05-22 13:41:27,634 WARN received SIGQUIT indicating exit request
2025-05-22 13:41:27,635 INFO waiting for php-fpm to die
2025-05-22 13:41:28,656 INFO stopped: php-fpm (exit status 0)
2025-05-22 13:56:07,308 CRIT Supervisor is running as root.  Privileges were not dropped because no user is specified in the config file.  If you intend to run as root, you can set user=root in the config file to avoid this message.
2025-05-22 13:56:07,314 INFO supervisord started with pid 1
2025-05-22 13:56:08,316 INFO spawned: 'php-fpm' with pid 23
2025-05-22 13:56:08,317 INFO spawned: 'queue-worker' with pid 24
2025-05-22 13:56:08,337 WARN exited: queue-worker (exit status 1; not expected)
2025-05-22 13:56:09,386 INFO success: php-fpm entered RUNNING state, process has stayed up for > than 1 seconds (startsecs)
2025-05-22 13:56:09,388 INFO spawned: 'queue-worker' with pid 27
2025-05-22 13:56:09,411 WARN exited: queue-worker (exit status 1; not expected)
2025-05-22 13:56:11,415 INFO spawned: 'queue-worker' with pid 28
2025-05-22 13:56:11,433 WARN exited: queue-worker (exit status 1; not expected)
2025-05-22 13:56:14,438 INFO spawned: 'queue-worker' with pid 29
2025-05-22 13:56:14,457 WARN exited: queue-worker (exit status 1; not expected)
2025-05-22 13:56:15,458 INFO gave up: queue-worker entered FATAL state, too many start retries too quickly
2025-05-22 14:00:43,500 WARN received SIGQUIT indicating exit request
2025-05-22 14:00:43,500 INFO waiting for php-fpm to die
2025-05-22 14:00:44,505 INFO stopped: php-fpm (exit status 0)
2025-05-22 14:02:38,661 CRIT Supervisor is running as root.  Privileges were not dropped because no user is specified in the config file.  If you intend to run as root, you can set user=root in the config file to avoid this message.
2025-05-22 14:02:38,664 INFO supervisord started with pid 1
2025-05-22 14:02:39,666 INFO spawned: 'php-fpm' with pid 23
2025-05-22 14:02:39,668 INFO spawned: 'queue-worker' with pid 24
2025-05-22 14:02:39,689 WARN exited: queue-worker (exit status 1; not expected)
2025-05-22 14:02:40,706 INFO success: php-fpm entered RUNNING state, process has stayed up for > than 1 seconds (startsecs)
2025-05-22 14:02:40,707 INFO spawned: 'queue-worker' with pid 27
2025-05-22 14:02:40,725 WARN exited: queue-worker (exit status 1; not expected)
2025-05-22 14:02:42,728 INFO spawned: 'queue-worker' with pid 28
2025-05-22 14:02:42,750 WARN exited: queue-worker (exit status 1; not expected)
2025-05-22 14:02:45,754 INFO spawned: 'queue-worker' with pid 29
2025-05-22 14:02:45,772 WARN exited: queue-worker (exit status 1; not expected)
2025-05-22 14:02:46,773 INFO gave up: queue-worker entered FATAL state, too many start retries too quickly
2025-05-22 14:08:24,587 WARN received SIGQUIT indicating exit request
2025-05-22 14:08:24,587 INFO waiting for php-fpm to die
2025-05-22 14:08:25,596 INFO stopped: php-fpm (exit status 0)
2025-05-22 14:09:44,475 CRIT Supervisor is running as root.  Privileges were not dropped because no user is specified in the config file.  If you intend to run as root, you can set user=root in the config file to avoid this message.
2025-05-22 14:09:44,478 INFO supervisord started with pid 1
2025-05-22 14:09:45,481 INFO spawned: 'php-fpm' with pid 23
2025-05-22 14:09:45,482 INFO spawned: 'queue-worker' with pid 24
2025-05-22 14:09:45,504 WARN exited: queue-worker (exit status 1; not expected)
2025-05-22 14:09:46,522 INFO success: php-fpm entered RUNNING state, process has stayed up for > than 1 seconds (startsecs)
2025-05-22 14:09:46,523 INFO spawned: 'queue-worker' with pid 27
2025-05-22 14:09:46,543 WARN exited: queue-worker (exit status 1; not expected)
2025-05-22 14:09:48,545 INFO spawned: 'queue-worker' with pid 28
2025-05-22 14:09:48,563 WARN exited: queue-worker (exit status 1; not expected)
2025-05-22 14:09:51,567 INFO spawned: 'queue-worker' with pid 29
2025-05-22 14:09:51,585 WARN exited: queue-worker (exit status 1; not expected)
2025-05-22 14:09:52,586 INFO gave up: queue-worker entered FATAL state, too many start retries too quickly
2025-05-22 14:12:59,998 WARN received SIGQUIT indicating exit request
2025-05-22 14:12:59,998 INFO waiting for php-fpm to die
2025-05-22 14:13:01,004 INFO stopped: php-fpm (exit status 0)
2025-05-22 14:14:09,058 CRIT Supervisor is running as root.  Privileges were not dropped because no user is specified in the config file.  If you intend to run as root, you can set user=root in the config file to avoid this message.
2025-05-22 14:14:09,062 INFO supervisord started with pid 1
2025-05-22 14:14:10,064 INFO spawned: 'php-fpm' with pid 23
2025-05-22 14:14:10,066 INFO spawned: 'queue-worker' with pid 24
2025-05-22 14:14:10,087 WARN exited: queue-worker (exit status 1; not expected)
2025-05-22 14:14:11,105 INFO success: php-fpm entered RUNNING state, process has stayed up for > than 1 seconds (startsecs)
2025-05-22 14:14:11,107 INFO spawned: 'queue-worker' with pid 27
2025-05-22 14:14:11,139 WARN exited: queue-worker (exit status 1; not expected)
2025-05-22 14:14:13,143 INFO spawned: 'queue-worker' with pid 28
2025-05-22 14:14:13,162 WARN exited: queue-worker (exit status 1; not expected)
2025-05-22 14:14:16,308 INFO spawned: 'queue-worker' with pid 29
2025-05-22 14:14:16,328 WARN exited: queue-worker (exit status 1; not expected)
2025-05-22 14:14:17,329 INFO gave up: queue-worker entered FATAL state, too many start retries too quickly
2025-05-22 14:17:17,026 WARN received SIGQUIT indicating exit request
2025-05-22 14:17:17,026 INFO waiting for php-fpm to die
2025-05-22 14:17:18,032 INFO stopped: php-fpm (exit status 0)
2025-05-22 14:18:29,401 CRIT Supervisor is running as root.  Privileges were not dropped because no user is specified in the config file.  If you intend to run as root, you can set user=root in the config file to avoid this message.
2025-05-22 14:18:29,406 INFO supervisord started with pid 1
2025-05-22 14:18:30,409 INFO spawned: 'php-fpm' with pid 23
2025-05-22 14:18:30,411 INFO spawned: 'queue-worker' with pid 24
2025-05-22 14:18:30,434 WARN exited: queue-worker (exit status 1; not expected)
2025-05-22 14:18:31,452 INFO success: php-fpm entered RUNNING state, process has stayed up for > than 1 seconds (startsecs)
2025-05-22 14:18:31,454 INFO spawned: 'queue-worker' with pid 27
2025-05-22 14:18:31,472 WARN exited: queue-worker (exit status 1; not expected)
2025-05-22 14:18:33,476 INFO spawned: 'queue-worker' with pid 28
2025-05-22 14:18:33,499 WARN exited: queue-worker (exit status 1; not expected)
2025-05-22 14:18:36,977 INFO spawned: 'queue-worker' with pid 29
2025-05-22 14:18:36,995 WARN exited: queue-worker (exit status 1; not expected)
2025-05-22 14:18:37,996 INFO gave up: queue-worker entered FATAL state, too many start retries too quickly
2025-05-22 14:26:24,140 WARN received SIGQUIT indicating exit request
2025-05-22 14:26:24,140 INFO waiting for php-fpm to die
2025-05-22 14:26:25,146 INFO stopped: php-fpm (exit status 0)
2025-05-22 14:31:12,682 CRIT Supervisor is running as root.  Privileges were not dropped because no user is specified in the config file.  If you intend to run as root, you can set user=root in the config file to avoid this message.
2025-05-22 14:31:12,693 INFO supervisord started with pid 1
2025-05-22 14:31:13,696 INFO spawnerr: can't find command '/usr/local/bin/php-fpm'
2025-05-22 14:31:13,698 INFO spawned: 'queue-worker' with pid 23
2025-05-22 14:31:13,718 WARN exited: queue-worker (exit status 1; not expected)
2025-05-22 14:31:14,719 INFO spawnerr: can't find command '/usr/local/bin/php-fpm'
2025-05-22 14:31:14,721 INFO spawned: 'queue-worker' with pid 24
2025-05-22 14:31:14,741 WARN exited: queue-worker (exit status 1; not expected)
2025-05-22 14:31:16,743 INFO spawnerr: can't find command '/usr/local/bin/php-fpm'
2025-05-22 14:31:16,744 INFO spawned: 'queue-worker' with pid 25
2025-05-22 14:31:16,765 WARN exited: queue-worker (exit status 1; not expected)
2025-05-22 14:31:19,767 INFO spawnerr: can't find command '/usr/local/bin/php-fpm'
2025-05-22 14:31:19,767 INFO gave up: php-fpm entered FATAL state, too many start retries too quickly
2025-05-22 14:31:19,769 INFO spawned: 'queue-worker' with pid 26
2025-05-22 14:31:19,788 WARN exited: queue-worker (exit status 1; not expected)
2025-05-22 14:31:20,789 INFO gave up: queue-worker entered FATAL state, too many start retries too quickly
2025-05-22 14:32:29,726 WARN received SIGQUIT indicating exit request
2025-05-22 14:34:37,152 CRIT Supervisor is running as root.  Privileges were not dropped because no user is specified in the config file.  If you intend to run as root, you can set user=root in the config file to avoid this message.
2025-05-22 14:34:37,154 INFO supervisord started with pid 1
2025-05-22 14:34:38,156 INFO spawned: 'php-fpm' with pid 23
2025-05-22 14:34:38,158 INFO spawned: 'queue-worker' with pid 24
2025-05-22 14:34:38,177 WARN exited: queue-worker (exit status 1; not expected)
2025-05-22 14:34:39,227 INFO success: php-fpm entered RUNNING state, process has stayed up for > than 1 seconds (startsecs)
2025-05-22 14:34:39,228 INFO spawned: 'queue-worker' with pid 27
2025-05-22 14:34:39,247 WARN exited: queue-worker (exit status 1; not expected)
2025-05-22 14:34:41,250 INFO spawned: 'queue-worker' with pid 28
2025-05-22 14:34:41,269 WARN exited: queue-worker (exit status 1; not expected)
2025-05-22 14:34:44,273 INFO spawned: 'queue-worker' with pid 29
2025-05-22 14:34:44,292 WARN exited: queue-worker (exit status 1; not expected)
2025-05-22 14:34:45,293 INFO gave up: queue-worker entered FATAL state, too many start retries too quickly
2025-05-22 14:42:03,517 WARN received SIGQUIT indicating exit request
2025-05-22 14:42:03,517 INFO waiting for php-fpm to die
2025-05-22 14:42:04,523 INFO stopped: php-fpm (exit status 0)
2025-05-22 14:42:05,594 CRIT Supervisor is running as root.  Privileges were not dropped because no user is specified in the config file.  If you intend to run as root, you can set user=root in the config file to avoid this message.
2025-05-22 14:42:05,597 INFO supervisord started with pid 1
2025-05-22 14:42:06,599 INFO spawned: 'php-fpm' with pid 23
2025-05-22 14:42:06,601 INFO spawned: 'queue-worker' with pid 24
2025-05-22 14:42:06,618 WARN exited: queue-worker (exit status 1; not expected)
2025-05-22 14:42:07,634 INFO success: php-fpm entered RUNNING state, process has stayed up for > than 1 seconds (startsecs)
2025-05-22 14:42:07,636 INFO spawned: 'queue-worker' with pid 27
2025-05-22 14:42:07,653 WARN exited: queue-worker (exit status 1; not expected)
2025-05-22 14:42:09,657 INFO spawned: 'queue-worker' with pid 28
2025-05-22 14:42:09,676 WARN exited: queue-worker (exit status 1; not expected)
2025-05-22 14:42:13,162 INFO spawned: 'queue-worker' with pid 29
2025-05-22 14:42:13,181 WARN exited: queue-worker (exit status 1; not expected)
2025-05-22 14:42:14,182 INFO gave up: queue-worker entered FATAL state, too many start retries too quickly
2025-05-22 14:43:49,879 WARN received SIGQUIT indicating exit request
2025-05-22 14:43:49,880 INFO waiting for php-fpm to die
2025-05-22 14:43:50,886 INFO stopped: php-fpm (exit status 0)
2025-05-22 14:45:16,354 CRIT Supervisor is running as root.  Privileges were not dropped because no user is specified in the config file.  If you intend to run as root, you can set user=root in the config file to avoid this message.
2025-05-22 14:45:16,356 INFO supervisord started with pid 1
2025-05-22 14:45:17,358 INFO spawned: 'php-fpm' with pid 23
2025-05-22 14:45:17,360 INFO spawned: 'queue-worker' with pid 24
2025-05-22 14:45:17,376 WARN exited: queue-worker (exit status 1; not expected)
2025-05-22 14:45:18,392 INFO success: php-fpm entered RUNNING state, process has stayed up for > than 1 seconds (startsecs)
2025-05-22 14:45:18,393 INFO spawned: 'queue-worker' with pid 27
2025-05-22 14:45:18,411 WARN exited: queue-worker (exit status 1; not expected)
2025-05-22 14:45:20,948 INFO spawned: 'queue-worker' with pid 28
2025-05-22 14:45:20,966 WARN exited: queue-worker (exit status 1; not expected)
2025-05-22 14:45:24,054 INFO spawned: 'queue-worker' with pid 29
2025-05-22 14:45:24,071 WARN exited: queue-worker (exit status 1; not expected)
2025-05-22 14:45:25,071 INFO gave up: queue-worker entered FATAL state, too many start retries too quickly
2025-05-22 14:47:08,694 WARN received SIGQUIT indicating exit request
2025-05-22 14:47:08,694 INFO waiting for php-fpm to die
2025-05-22 14:47:09,714 INFO stopped: php-fpm (exit status 0)
2025-05-22 14:49:23,433 CRIT Supervisor is running as root.  Privileges were not dropped because no user is specified in the config file.  If you intend to run as root, you can set user=root in the config file to avoid this message.
2025-05-22 14:49:23,443 INFO supervisord started with pid 1
2025-05-22 14:49:24,445 INFO spawned: 'php-fpm' with pid 23
2025-05-22 14:49:24,448 INFO spawned: 'queue-worker' with pid 24
2025-05-22 14:49:24,469 WARN exited: queue-worker (exit status 1; not expected)
2025-05-22 14:49:25,492 INFO success: php-fpm entered RUNNING state, process has stayed up for > than 1 seconds (startsecs)
2025-05-22 14:49:25,493 INFO spawned: 'queue-worker' with pid 27
2025-05-22 14:49:25,513 WARN exited: queue-worker (exit status 1; not expected)
2025-05-22 14:49:27,515 INFO spawned: 'queue-worker' with pid 28
2025-05-22 14:49:27,534 WARN exited: queue-worker (exit status 1; not expected)
2025-05-22 14:49:30,538 INFO spawned: 'queue-worker' with pid 29
2025-05-22 14:49:30,557 WARN exited: queue-worker (exit status 1; not expected)
2025-05-22 14:49:33,151 INFO gave up: queue-worker entered FATAL state, too many start retries too quickly
2025-05-22 14:57:30,276 WARN received SIGQUIT indicating exit request
2025-05-22 14:57:30,276 INFO waiting for php-fpm to die
2025-05-22 14:57:31,282 INFO stopped: php-fpm (exit status 0)
2025-05-22 14:57:40,129 CRIT Supervisor is running as root.  Privileges were not dropped because no user is specified in the config file.  If you intend to run as root, you can set user=root in the config file to avoid this message.
2025-05-22 14:57:40,131 INFO supervisord started with pid 1
2025-05-22 14:57:41,133 INFO spawned: 'php-fpm' with pid 23
2025-05-22 14:57:41,136 INFO spawned: 'queue-worker' with pid 24
2025-05-22 14:57:41,154 WARN exited: queue-worker (exit status 1; not expected)
2025-05-22 14:57:42,171 INFO success: php-fpm entered RUNNING state, process has stayed up for > than 1 seconds (startsecs)
2025-05-22 14:57:42,172 INFO spawned: 'queue-worker' with pid 27
2025-05-22 14:57:42,190 WARN exited: queue-worker (exit status 1; not expected)
2025-05-22 14:57:44,192 INFO spawned: 'queue-worker' with pid 28
2025-05-22 14:57:44,209 WARN exited: queue-worker (exit status 1; not expected)
2025-05-22 14:57:47,452 INFO spawned: 'queue-worker' with pid 29
2025-05-22 14:57:47,471 WARN exited: queue-worker (exit status 1; not expected)
2025-05-22 14:57:48,181 INFO gave up: queue-worker entered FATAL state, too many start retries too quickly
2025-05-22 14:59:01,580 WARN received SIGQUIT indicating exit request
2025-05-22 14:59:01,580 INFO waiting for php-fpm to die
2025-05-22 14:59:02,586 INFO stopped: php-fpm (exit status 0)
2025-05-22 14:59:09,906 CRIT Supervisor is running as root.  Privileges were not dropped because no user is specified in the config file.  If you intend to run as root, you can set user=root in the config file to avoid this message.
2025-05-22 14:59:09,909 INFO supervisord started with pid 1
2025-05-22 14:59:10,911 INFO spawned: 'php-fpm' with pid 23
2025-05-22 14:59:10,913 INFO spawned: 'queue-worker' with pid 24
2025-05-22 14:59:10,932 WARN exited: queue-worker (exit status 1; not expected)
2025-05-22 14:59:11,948 INFO success: php-fpm entered RUNNING state, process has stayed up for > than 1 seconds (startsecs)
2025-05-22 14:59:11,950 INFO spawned: 'queue-worker' with pid 27
2025-05-22 14:59:11,970 WARN exited: queue-worker (exit status 1; not expected)
2025-05-22 14:59:13,973 INFO spawned: 'queue-worker' with pid 28
2025-05-22 14:59:13,992 WARN exited: queue-worker (exit status 1; not expected)
2025-05-22 14:59:16,996 INFO spawned: 'queue-worker' with pid 35
2025-05-22 14:59:17,013 WARN exited: queue-worker (exit status 1; not expected)
2025-05-22 14:59:18,015 INFO gave up: queue-worker entered FATAL state, too many start retries too quickly
2025-05-22 15:01:51,611 WARN received SIGQUIT indicating exit request
2025-05-22 15:01:51,612 INFO waiting for php-fpm to die
2025-05-22 15:01:54,240 INFO stopped: php-fpm (exit status 0)
2025-05-22 15:05:17,562 CRIT Supervisor is running as root.  Privileges were not dropped because no user is specified in the config file.  If you intend to run as root, you can set user=root in the config file to avoid this message.
2025-05-22 15:05:17,566 INFO supervisord started with pid 1
2025-05-22 15:05:19,433 INFO spawned: 'php-fpm' with pid 23
2025-05-22 15:05:19,435 INFO spawned: 'queue-worker' with pid 24
2025-05-22 15:05:19,454 WARN exited: queue-worker (exit status 1; not expected)
2025-05-22 15:05:20,502 INFO success: php-fpm entered RUNNING state, process has stayed up for > than 1 seconds (startsecs)
2025-05-22 15:05:20,504 INFO spawned: 'queue-worker' with pid 27
2025-05-22 15:05:20,522 WARN exited: queue-worker (exit status 1; not expected)
2025-05-22 15:05:22,525 INFO spawned: 'queue-worker' with pid 28
2025-05-22 15:05:22,547 WARN exited: queue-worker (exit status 1; not expected)
2025-05-22 15:05:25,551 INFO spawned: 'queue-worker' with pid 29
2025-05-22 15:05:25,569 WARN exited: queue-worker (exit status 1; not expected)
2025-05-22 15:05:26,570 INFO gave up: queue-worker entered FATAL state, too many start retries too quickly
2025-05-22 15:06:20,776 WARN received SIGQUIT indicating exit request
2025-05-22 15:06:20,777 INFO waiting for php-fpm to die
2025-05-22 15:06:21,782 INFO stopped: php-fpm (exit status 0)
2025-05-22 15:11:28,928 CRIT Supervisor is running as root.  Privileges were not dropped because no user is specified in the config file.  If you intend to run as root, you can set user=root in the config file to avoid this message.
2025-05-22 15:11:28,930 INFO supervisord started with pid 1
2025-05-22 15:11:29,932 INFO spawned: 'php-fpm' with pid 23
2025-05-22 15:11:29,933 INFO spawned: 'queue-worker' with pid 24
2025-05-22 15:11:29,955 WARN exited: queue-worker (exit status 1; not expected)
2025-05-22 15:11:30,972 INFO success: php-fpm entered RUNNING state, process has stayed up for > than 1 seconds (startsecs)
2025-05-22 15:11:30,974 INFO spawned: 'queue-worker' with pid 27
2025-05-22 15:11:30,992 WARN exited: queue-worker (exit status 1; not expected)
2025-05-22 15:11:32,995 INFO spawned: 'queue-worker' with pid 28
2025-05-22 15:11:33,014 WARN exited: queue-worker (exit status 1; not expected)
2025-05-22 15:11:36,484 INFO spawned: 'queue-worker' with pid 29
2025-05-22 15:11:36,503 WARN exited: queue-worker (exit status 1; not expected)
2025-05-22 15:11:37,504 INFO gave up: queue-worker entered FATAL state, too many start retries too quickly
2025-05-22 15:28:31,206 WARN received SIGQUIT indicating exit request
2025-05-22 15:28:31,206 INFO waiting for php-fpm to die
2025-05-22 15:28:32,227 INFO stopped: php-fpm (exit status 0)
2025-05-22 15:29:48,062 CRIT Supervisor is running as root.  Privileges were not dropped because no user is specified in the config file.  If you intend to run as root, you can set user=root in the config file to avoid this message.
2025-05-22 15:29:48,067 INFO supervisord started with pid 1
2025-05-22 15:29:49,068 INFO spawned: 'php-fpm' with pid 23
2025-05-22 15:29:49,070 INFO spawned: 'queue-worker' with pid 24
2025-05-22 15:29:49,088 WARN exited: queue-worker (exit status 1; not expected)
2025-05-22 15:29:50,137 INFO success: php-fpm entered RUNNING state, process has stayed up for > than 1 seconds (startsecs)
2025-05-22 15:29:50,139 INFO spawned: 'queue-worker' with pid 27
2025-05-22 15:29:50,157 WARN exited: queue-worker (exit status 1; not expected)
2025-05-22 15:29:52,160 INFO spawned: 'queue-worker' with pid 28
2025-05-22 15:29:52,177 WARN exited: queue-worker (exit status 1; not expected)
2025-05-22 15:29:55,180 INFO spawned: 'queue-worker' with pid 29
2025-05-22 15:29:55,197 WARN exited: queue-worker (exit status 1; not expected)
2025-05-22 15:29:56,198 INFO gave up: queue-worker entered FATAL state, too many start retries too quickly
2025-05-22 15:54:24,625 WARN received SIGQUIT indicating exit request
2025-05-22 15:54:24,626 INFO waiting for php-fpm to die
2025-05-22 15:54:25,646 INFO stopped: php-fpm (exit status 0)
2025-05-22 16:00:05,809 CRIT Supervisor is running as root.  Privileges were not dropped because no user is specified in the config file.  If you intend to run as root, you can set user=root in the config file to avoid this message.
2025-05-22 16:00:05,827 INFO supervisord started with pid 1
2025-05-22 16:00:06,829 INFO spawned: 'php-fpm' with pid 23
2025-05-22 16:00:06,831 INFO spawned: 'queue-worker' with pid 24
2025-05-22 16:00:06,852 WARN exited: queue-worker (exit status 1; not expected)
2025-05-22 16:00:07,941 INFO success: php-fpm entered RUNNING state, process has stayed up for > than 1 seconds (startsecs)
2025-05-22 16:00:07,942 INFO spawned: 'queue-worker' with pid 27
2025-05-22 16:00:07,963 WARN exited: queue-worker (exit status 1; not expected)
2025-05-22 16:00:09,966 INFO spawned: 'queue-worker' with pid 28
2025-05-22 16:00:09,987 WARN exited: queue-worker (exit status 1; not expected)
2025-05-22 16:00:12,990 INFO spawned: 'queue-worker' with pid 29
2025-05-22 16:00:13,009 WARN exited: queue-worker (exit status 1; not expected)
2025-05-22 16:00:14,010 INFO gave up: queue-worker entered FATAL state, too many start retries too quickly
2025-05-22 18:03:05,897 INFO reaped unknown pid 66 (exit status 0)
2025-05-22 18:58:15,396 INFO reaped unknown pid 109 (exit status 0)
2025-05-22 20:02:53,599 WARN received SIGQUIT indicating exit request
2025-05-22 20:02:53,600 INFO waiting for php-fpm to die
2025-05-22 20:02:54,624 INFO stopped: php-fpm (exit status 0)
